<?xml version="1.0" encoding="UTF-8"?>
<!-- Generated by org.testng.reporters.JUnitXMLReporter -->
<testsuite ignored="1" hostname="MONSTER-IDEAPAD5" failures="1" tests="12" name="Test" time="194.979" errors="0" timestamp="2024-08-14T09:59:01 IST">
  <testcase classname="com.comcast.scm.smokeTest.AdminSmokeTest" name="loginPageValidationTest" time="9.158"/>
  <testcase classname="com.comcast.scm.smokeTest.AdminSmokeTest" name="adminLoginValidationTest" time="0.062"/>
  <testcase classname="com.comcast.scm.smokeTest.AdminSmokeTest" name="adminableToClickOnAddManufacturerTest" time="0.255"/>
  <testcase classname="com.comcast.scm.smokeTest.AdminSmokeTest" name="adminAbleToAddManufacturerSucessfullyTest" time="2.873"/>
  <testcase classname="com.comcast.scm.smokeTest.AdminSmokeTest" name="logOutManufactuerTest" time="0.007"/>
  <testcase classname="com.comcast.scm.smokeTest.AdminSmokeTest" name="adminAddRetailerTest" time="1.492"/>
  <testcase classname="com.comcast.scm.smokeTest.AdminSmokeTest" name="adminAddDistributorTest" time="1.122"/>
  <testcase classname="com.comcast.scm.smokeTest.RetailerSmokeTest" name="ratailerLoginTest" time="7.45"/>
  <testcase classname="com.comcast.scm.smokeTest.RetailerSmokeTest" name="retailerAddNewOrderTest" time="6.384"/>
  <testcase classname="com.comcast.scm.smokeTest.ManufacturerSmokeTest" name="manufacturerLoginTest" time="5.88"/>
  <testcase classname="com.comcast.scm.smokeTest.ManufacturerSmokeTest" name="validateManufacturerPageWorking" time="34.689">
    <failure type="org.openqa.selenium.NoSuchElementException" message="no such element: Unable to locate element: {&amp;quot;method&amp;quot;:&amp;quot;css selector&amp;quot;,&amp;quot;selector&amp;quot;:&amp;quot;#login\:username&amp;quot;}
  (Session info: chrome=126.0.6478.127)
For documentation on this error, please visit: https://www.selenium.dev/documentation/webdriver/troubleshooting/errors#no-such-element-exception
Build info: version: &amp;apos;4.22.0&amp;apos;, revision: &amp;apos;c5f3146703*&amp;apos;
System info: os.name: &amp;apos;Windows 10&amp;apos;, os.arch: &amp;apos;amd64&amp;apos;, os.version: &amp;apos;10.0&amp;apos;, java.version: &amp;apos;22.0.1&amp;apos;
Driver info: org.openqa.selenium.chrome.ChromeDriver
Command: [358a263dc642669937cc6364ee3d12c9, findElement {value=login:username, using=id}]
Capabilities {acceptInsecureCerts: false, browserName: chrome, browserVersion: 126.0.6478.127, chrome: {chromedriverVersion: 126.0.6478.182 (5b5d8292ddf..., userDataDir: C:\Users\girij\AppData\Loca...}, fedcm:accounts: true, goog:chromeOptions: {debuggerAddress: localhost:55330}, networkConnectionEnabled: false, pageLoadStrategy: normal, platformName: windows, proxy: Proxy(), se:cdp: ws://localhost:55330/devtoo..., se:cdpVersion: 126.0.6478.127, setWindowRect: true, strictFileInteractability: false, timeouts: {implicit: 0, pageLoad: 300000, script: 30000}, unhandledPromptBehavior: dismiss and notify, webauthn:extension:credBlob: true, webauthn:extension:largeBlob: true, webauthn:extension:minPinLength: true, webauthn:extension:prf: true, webauthn:virtualAuthenticators: true}
Session ID: 358a263dc642669937cc6364ee3d12c9">
      <![CDATA[org.openqa.selenium.NoSuchElementException: no such element: Unable to locate element: {"method":"css selector","selector":"#login\:username"}
  (Session info: chrome=126.0.6478.127)
For documentation on this error, please visit: https://www.selenium.dev/documentation/webdriver/troubleshooting/errors#no-such-element-exception
Build info: version: '4.22.0', revision: 'c5f3146703*'
System info: os.name: 'Windows 10', os.arch: 'amd64', os.version: '10.0', java.version: '22.0.1'
Driver info: org.openqa.selenium.chrome.ChromeDriver
Command: [358a263dc642669937cc6364ee3d12c9, findElement {value=login:username, using=id}]
Capabilities {acceptInsecureCerts: false, browserName: chrome, browserVersion: 126.0.6478.127, chrome: {chromedriverVersion: 126.0.6478.182 (5b5d8292ddf..., userDataDir: C:\Users\girij\AppData\Loca...}, fedcm:accounts: true, goog:chromeOptions: {debuggerAddress: localhost:55330}, networkConnectionEnabled: false, pageLoadStrategy: normal, platformName: windows, proxy: Proxy(), se:cdp: ws://localhost:55330/devtoo..., se:cdpVersion: 126.0.6478.127, setWindowRect: true, strictFileInteractability: false, timeouts: {implicit: 0, pageLoad: 300000, script: 30000}, unhandledPromptBehavior: dismiss and notify, webauthn:extension:credBlob: true, webauthn:extension:largeBlob: true, webauthn:extension:minPinLength: true, webauthn:extension:prf: true, webauthn:virtualAuthenticators: true}
Session ID: 358a263dc642669937cc6364ee3d12c9
at org.openqa.selenium.remote.ErrorCodec.decode(ErrorCodec.java:167)
at org.openqa.selenium.remote.codec.w3c.W3CHttpResponseCodec.decode(W3CHttpResponseCodec.java:138)
at org.openqa.selenium.remote.codec.w3c.W3CHttpResponseCodec.decode(W3CHttpResponseCodec.java:50)
at org.openqa.selenium.remote.HttpCommandExecutor.execute(HttpCommandExecutor.java:190)
at org.openqa.selenium.remote.service.DriverCommandExecutor.invokeExecute(DriverCommandExecutor.java:216)
at org.openqa.selenium.remote.service.DriverCommandExecutor.execute(DriverCommandExecutor.java:174)
at org.openqa.selenium.remote.RemoteWebDriver.execute(RemoteWebDriver.java:518)
at org.openqa.selenium.remote.ElementLocation$ElementFinder$2.findElement(ElementLocation.java:165)
at org.openqa.selenium.remote.ElementLocation.findElement(ElementLocation.java:66)
at org.openqa.selenium.remote.RemoteWebDriver.findElement(RemoteWebDriver.java:355)
at org.openqa.selenium.remote.RemoteWebDriver.findElement(RemoteWebDriver.java:349)
at org.openqa.selenium.support.pagefactory.DefaultElementLocator.findElement(DefaultElementLocator.java:68)
at org.openqa.selenium.support.pagefactory.internal.LocatingElementHandler.invoke(LocatingElementHandler.java:38)
at jdk.proxy2/jdk.proxy2.$Proxy16.sendKeys(Unknown Source)
at com.comcast.scm.ObjectRepo.LoginPage.manufacturerLogin(LoginPage.java:91)
at com.comcast.scm.smokeTest.ManufacturerSmokeTest.validateManufacturerPageWorking(ManufacturerSmokeTest.java:69)
at java.base/java.util.ArrayList.forEach(ArrayList.java:1597)
... Removed 28 stack frames]]>
    </failure>
  </testcase> <!-- validateManufacturerPageWorking -->
  <testcase classname="com.comcast.scm.smokeTest.ManufacturerSmokeTest" name="addProduct" time="103.425"/>
  <testcase classname="com.comcast.scm.smokeTest.RetailerSmokeTest" name="retailerPostNewOrder" time="0.0">
    <ignored/>
  </testcase> <!-- retailerPostNewOrder -->
</testsuite> <!-- Test -->
