<?xml version="1.0" encoding="UTF-8"?>
<!-- Generated by org.testng.reporters.JUnitReportReporter -->
<testsuite hostname="MONSTER-IDEAPAD5" failures="0" tests="8" name="com.comcast.scm.smokeTest.AdminSmokeTest" time="70.535" errors="1" timestamp="2024-08-14T13:19:19 IST" skipped="6">
  <testcase classname="com.comcast.scm.smokeTest.AdminSmokeTest" name="configAM" time="64.331">
    <error message="Cannot locate an element using By.all({By.xpath: //input[@type=&#039;button&#039;],By.xpath: //input[@value=&#039;Log out&#039;]})
For documentation on this error, please visit: https://www.selenium.dev/documentation/webdriver/troubleshooting/errors#no-such-element-exception
Build info: version: &#039;4.22.0&#039;, revision: &#039;c5f3146703*&#039;
System info: os.name: &#039;Windows 10&#039;, os.arch: &#039;amd64&#039;, os.version: &#039;10.0&#039;, java.version: &#039;22.0.1&#039;
Driver info: driver.version: RemoteWebDriver" type="org.openqa.selenium.NoSuchElementException">
      <![CDATA[org.openqa.selenium.NoSuchElementException: Cannot locate an element using By.all({By.xpath: //input[@type='button'],By.xpath: //input[@value='Log out']})
For documentation on this error, please visit: https://www.selenium.dev/documentation/webdriver/troubleshooting/errors#no-such-element-exception
Build info: version: '4.22.0', revision: 'c5f3146703*'
System info: os.name: 'Windows 10', os.arch: 'amd64', os.version: '10.0', java.version: '22.0.1'
Driver info: driver.version: RemoteWebDriver
at org.openqa.selenium.support.pagefactory.ByAll.findElement(ByAll.java:57)
at org.openqa.selenium.remote.ElementLocation$ElementFinder$1.findElement(ElementLocation.java:139)
at org.openqa.selenium.remote.ElementLocation.findElement(ElementLocation.java:81)
at org.openqa.selenium.remote.RemoteWebDriver.findElement(RemoteWebDriver.java:355)
at org.openqa.selenium.remote.RemoteWebDriver.findElement(RemoteWebDriver.java:349)
at org.openqa.selenium.support.pagefactory.DefaultElementLocator.findElement(DefaultElementLocator.java:68)
at org.openqa.selenium.support.pagefactory.internal.LocatingElementHandler.invoke(LocatingElementHandler.java:38)
at jdk.proxy2/jdk.proxy2.$Proxy16.click(Unknown Source)
at com.comcast.scm.ObjectRepo.AdminHomePage.signout(AdminHomePage.java:348)
at com.comcast.scm.generic.BaseTest.BaseClassforScm.configAM(BaseClassforScm.java:86)
at java.base/jdk.internal.reflect.DirectMethodHandleAccessor.invoke(DirectMethodHandleAccessor.java:103)
at java.base/java.lang.reflect.Method.invoke(Method.java:580)
at org.testng.internal.invokers.MethodInvocationHelper.invokeMethod(MethodInvocationHelper.java:141)
at org.testng.internal.invokers.MethodInvocationHelper.invokeMethodConsideringTimeout(MethodInvocationHelper.java:71)
at org.testng.internal.invokers.ConfigInvoker.invokeConfigurationMethod(ConfigInvoker.java:400)
at org.testng.internal.invokers.ConfigInvoker.invokeConfigurations(ConfigInvoker.java:333)
at org.testng.internal.invokers.TestInvoker.runConfigMethods(TestInvoker.java:833)
at org.testng.internal.invokers.TestInvoker.runAfterConfigurations(TestInvoker.java:802)
at org.testng.internal.invokers.TestInvoker.invokeMethod(TestInvoker.java:778)
at org.testng.internal.invokers.TestInvoker.invokeTestMethod(TestInvoker.java:230)
at org.testng.internal.invokers.MethodRunner.runInSequence(MethodRunner.java:63)
at org.testng.internal.invokers.TestInvoker$MethodInvocationAgent.invoke(TestInvoker.java:992)
at org.testng.internal.invokers.TestInvoker.invokeTestMethods(TestInvoker.java:203)
at org.testng.internal.invokers.TestMethodWorker.invokeTestMethods(TestMethodWorker.java:154)
at org.testng.internal.invokers.TestMethodWorker.run(TestMethodWorker.java:134)
at java.base/java.util.ArrayList.forEach(ArrayList.java:1597)
at org.testng.TestRunner.privateRun(TestRunner.java:739)
at org.testng.TestRunner.run(TestRunner.java:614)
at org.testng.SuiteRunner.runTest(SuiteRunner.java:421)
at org.testng.SuiteRunner.runSequentially(SuiteRunner.java:413)
at org.testng.SuiteRunner.privateRun(SuiteRunner.java:373)
at org.testng.SuiteRunner.run(SuiteRunner.java:312)
at org.testng.SuiteRunnerWorker.runSuite(SuiteRunnerWorker.java:52)
at org.testng.SuiteRunnerWorker.run(SuiteRunnerWorker.java:95)
at org.testng.TestNG.runSuitesSequentially(TestNG.java:1274)
at org.testng.TestNG.runSuitesLocally(TestNG.java:1208)
at org.testng.TestNG.runSuites(TestNG.java:1112)
at org.testng.TestNG.run(TestNG.java:1079)
at org.testng.remote.AbstractRemoteTestNG.run(AbstractRemoteTestNG.java:115)
at org.testng.remote.RemoteTestNG.initAndRun(RemoteTestNG.java:293)
at org.testng.remote.RemoteTestNG.main(RemoteTestNG.java:91)
]]>
    </error>
  </testcase> <!-- configAM -->
  <testcase classname="com.comcast.scm.smokeTest.AdminSmokeTest" name="loginPageValidationTest" time="6.204"/>
  <testcase classname="com.comcast.scm.smokeTest.AdminSmokeTest" name="adminLoginValidationTest" time="0.000">
    <skipped/>
  </testcase> <!-- adminLoginValidationTest -->
  <testcase classname="com.comcast.scm.smokeTest.AdminSmokeTest" name="adminableToClickOnAddManufacturerTest" time="0.000">
    <skipped/>
  </testcase> <!-- adminableToClickOnAddManufacturerTest -->
  <testcase classname="com.comcast.scm.smokeTest.AdminSmokeTest" name="adminAbleToAddManufacturerSucessfullyTest" time="0.000">
    <skipped/>
  </testcase> <!-- adminAbleToAddManufacturerSucessfullyTest -->
  <testcase classname="com.comcast.scm.smokeTest.AdminSmokeTest" name="logOutManufactuerTest" time="0.000">
    <skipped/>
  </testcase> <!-- logOutManufactuerTest -->
  <testcase classname="com.comcast.scm.smokeTest.AdminSmokeTest" name="adminAddRetailerTest" time="0.000">
    <skipped/>
  </testcase> <!-- adminAddRetailerTest -->
  <testcase classname="com.comcast.scm.smokeTest.AdminSmokeTest" name="adminAddDistributorTest" time="0.000">
    <skipped/>
  </testcase> <!-- adminAddDistributorTest -->
</testsuite> <!-- com.comcast.scm.smokeTest.AdminSmokeTest -->
